{"total": {"lines":{"total":823,"covered":174,"skipped":0,"pct":21.14},"statements":{"total":840,"covered":185,"skipped":0,"pct":22.02},"functions":{"total":123,"covered":24,"skipped":0,"pct":19.51},"branches":{"total":468,"covered":66,"skipped":0,"pct":14.1}}
,"C:\\Users\\chetm\\projects\\layout-hooks\\src\\layout-hooks.ts": {"lines":{"total":10,"covered":0,"skipped":0,"pct":0},"functions":{"total":0,"covered":0,"skipped":0,"pct":100},"statements":{"total":12,"covered":0,"skipped":0,"pct":0},"branches":{"total":0,"covered":0,"skipped":0,"pct":100}}
,"C:\\Users\\chetm\\projects\\layout-hooks\\src\\types.ts": {"lines":{"total":151,"covered":71,"skipped":0,"pct":47.02},"functions":{"total":41,"covered":7,"skipped":0,"pct":17.07},"statements":{"total":152,"covered":72,"skipped":0,"pct":47.37},"branches":{"total":37,"covered":12,"skipped":0,"pct":32.43}}
,"C:\\Users\\chetm\\projects\\layout-hooks\\src\\utils.ts": {"lines":{"total":46,"covered":0,"skipped":0,"pct":0},"functions":{"total":3,"covered":0,"skipped":0,"pct":0},"statements":{"total":46,"covered":0,"skipped":0,"pct":0},"branches":{"total":32,"covered":0,"skipped":0,"pct":0}}
,"C:\\Users\\chetm\\projects\\layout-hooks\\src\\components\\Block.ts": {"lines":{"total":31,"covered":24,"skipped":0,"pct":77.42},"functions":{"total":8,"covered":7,"skipped":0,"pct":87.5},"statements":{"total":37,"covered":30,"skipped":0,"pct":81.08},"branches":{"total":9,"covered":2,"skipped":0,"pct":22.22}}
,"C:\\Users\\chetm\\projects\\layout-hooks\\src\\components\\Hooks.ts": {"lines":{"total":12,"covered":0,"skipped":0,"pct":0},"functions":{"total":6,"covered":0,"skipped":0,"pct":0},"statements":{"total":13,"covered":0,"skipped":0,"pct":0},"branches":{"total":0,"covered":0,"skipped":0,"pct":100}}
,"C:\\Users\\chetm\\projects\\layout-hooks\\src\\components\\Params.ts": {"lines":{"total":70,"covered":0,"skipped":0,"pct":0},"functions":{"total":15,"covered":0,"skipped":0,"pct":0},"statements":{"total":72,"covered":0,"skipped":0,"pct":0},"branches":{"total":32,"covered":0,"skipped":0,"pct":0}}
,"C:\\Users\\chetm\\projects\\layout-hooks\\src\\components\\Stack.ts": {"lines":{"total":13,"covered":0,"skipped":0,"pct":0},"functions":{"total":6,"covered":0,"skipped":0,"pct":0},"statements":{"total":14,"covered":0,"skipped":0,"pct":0},"branches":{"total":0,"covered":0,"skipped":0,"pct":100}}
,"C:\\Users\\chetm\\projects\\layout-hooks\\src\\components\\blockUtils.ts": {"lines":{"total":385,"covered":57,"skipped":0,"pct":14.81},"functions":{"total":18,"covered":5,"skipped":0,"pct":27.78},"statements":{"total":385,"covered":57,"skipped":0,"pct":14.81},"branches":{"total":330,"covered":51,"skipped":0,"pct":15.45}}
,"C:\\Users\\chetm\\projects\\layout-hooks\\src\\components\\useBounds.tsx": {"lines":{"total":25,"covered":22,"skipped":0,"pct":88},"functions":{"total":7,"covered":5,"skipped":0,"pct":71.43},"statements":{"total":29,"covered":26,"skipped":0,"pct":89.66},"branches":{"total":2,"covered":1,"skipped":0,"pct":50}}
,"C:\\Users\\chetm\\projects\\layout-hooks\\src\\generators\\utils.ts": {"lines":{"total":7,"covered":0,"skipped":0,"pct":0},"functions":{"total":2,"covered":0,"skipped":0,"pct":0},"statements":{"total":7,"covered":0,"skipped":0,"pct":0},"branches":{"total":2,"covered":0,"skipped":0,"pct":0}}
,"C:\\Users\\chetm\\projects\\layout-hooks\\src\\geometry\\line.ts": {"lines":{"total":39,"covered":0,"skipped":0,"pct":0},"functions":{"total":9,"covered":0,"skipped":0,"pct":0},"statements":{"total":39,"covered":0,"skipped":0,"pct":0},"branches":{"total":16,"covered":0,"skipped":0,"pct":0}}
,"C:\\Users\\chetm\\projects\\layout-hooks\\src\\geometry\\piecewise.ts": {"lines":{"total":34,"covered":0,"skipped":0,"pct":0},"functions":{"total":8,"covered":0,"skipped":0,"pct":0},"statements":{"total":34,"covered":0,"skipped":0,"pct":0},"branches":{"total":8,"covered":0,"skipped":0,"pct":0}}
}
