TN:
SF:C:\Users\chetm\projects\layout-hooks\src\layout-hooks.ts
FNF:0
FNH:0
DA:25,0
DA:26,0
DA:27,0
DA:28,0
DA:36,0
DA:37,0
DA:38,0
DA:39,0
DA:69,0
DA:70,0
LF:10
LH:0
BRF:0
BRH:0
end_of_record
TN:
SF:C:\Users\chetm\projects\layout-hooks\src\types.ts
FN:186,(anonymous_0)
FN:266,(anonymous_1)
FN:326,unitFactor
FN:342,(anonymous_3)
FN:369,namedPositionRef
FN:415,(anonymous_5)
FN:454,(anonymous_6)
FN:470,(anonymous_7)
FN:495,rectSize
FN:503,rectPoint
FN:546,(anonymous_10)
FN:555,Rect
FN:559,(anonymous_12)
FN:564,(anonymous_13)
FN:569,(anonymous_14)
FN:583,(anonymous_15)
FN:579,(anonymous_16)
FN:587,(anonymous_17)
FN:591,(anonymous_18)
FN:595,(anonymous_19)
FN:602,(anonymous_20)
FN:606,(anonymous_21)
FN:610,(anonymous_22)
FN:614,(anonymous_23)
FN:626,(anonymous_24)
FN:630,(anonymous_25)
FN:634,(anonymous_26)
FN:638,(anonymous_27)
FN:642,(anonymous_28)
FN:651,(anonymous_29)
FN:660,(anonymous_30)
FN:704,isSuperset
FN:706,(anonymous_32)
FN:714,union
FN:716,(anonymous_34)
FN:722,intersection
FN:724,(anonymous_36)
FN:732,symmetricDifference
FN:734,(anonymous_38)
FN:744,difference
FN:746,(anonymous_40)
FNF:41
FNH:7
FNDA:1,(anonymous_0)
FNDA:1,(anonymous_1)
FNDA:0,unitFactor
FNDA:1,(anonymous_3)
FNDA:0,namedPositionRef
FNDA:1,(anonymous_5)
FNDA:1,(anonymous_6)
FNDA:1,(anonymous_7)
FNDA:0,rectSize
FNDA:0,rectPoint
FNDA:1,(anonymous_10)
FNDA:0,Rect
FNDA:0,(anonymous_12)
FNDA:0,(anonymous_13)
FNDA:0,(anonymous_14)
FNDA:0,(anonymous_15)
FNDA:0,(anonymous_16)
FNDA:0,(anonymous_17)
FNDA:0,(anonymous_18)
FNDA:0,(anonymous_19)
FNDA:0,(anonymous_20)
FNDA:0,(anonymous_21)
FNDA:0,(anonymous_22)
FNDA:0,(anonymous_23)
FNDA:0,(anonymous_24)
FNDA:0,(anonymous_25)
FNDA:0,(anonymous_26)
FNDA:0,(anonymous_27)
FNDA:0,(anonymous_28)
FNDA:0,(anonymous_29)
FNDA:0,(anonymous_30)
FNDA:0,isSuperset
FNDA:0,(anonymous_32)
FNDA:0,union
FNDA:0,(anonymous_34)
FNDA:0,intersection
FNDA:0,(anonymous_36)
FNDA:0,symmetricDifference
FNDA:0,(anonymous_38)
FNDA:0,difference
FNDA:0,(anonymous_40)
DA:186,1
DA:190,1
DA:194,1
DA:198,1
DA:202,1
DA:266,1
DA:273,1
DA:278,1
DA:282,1
DA:286,1
DA:290,1
DA:294,1
DA:298,1
DA:302,1
DA:306,1
DA:310,1
DA:319,1
DA:326,1
DA:327,0
DA:328,0
DA:331,0
DA:332,0
DA:335,0
DA:342,1
DA:344,1
DA:346,1
DA:348,1
DA:350,1
DA:352,1
DA:354,1
DA:356,1
DA:358,1
DA:360,1
DA:362,1
DA:369,1
DA:370,0
DA:371,0
DA:373,0
DA:374,0
DA:377,0
DA:378,0
DA:381,0
DA:382,0
DA:385,0
DA:386,0
DA:389,0
DA:390,0
DA:393,0
DA:394,0
DA:397,0
DA:398,0
DA:401,0
DA:402,0
DA:405,0
DA:406,0
DA:409,0
DA:415,1
DA:420,1
DA:425,1
DA:430,1
DA:435,1
DA:440,1
DA:445,1
DA:450,1
DA:454,1
DA:458,1
DA:462,1
DA:466,1
DA:470,1
DA:474,1
DA:478,1
DA:495,1
DA:496,0
DA:503,1
DA:504,0
DA:546,1
DA:547,0
DA:548,0
DA:549,0
DA:550,0
DA:556,0
DA:559,1
DA:560,0
DA:561,0
DA:564,1
DA:565,0
DA:566,0
DA:569,1
DA:570,0
DA:576,0
DA:579,1
DA:580,0
DA:584,0
DA:587,1
DA:588,0
DA:592,0
DA:595,1
DA:596,0
DA:597,0
DA:602,1
DA:603,0
DA:606,1
DA:607,0
DA:610,1
DA:611,0
DA:614,1
DA:615,0
DA:626,1
DA:627,0
DA:630,1
DA:631,0
DA:634,1
DA:635,0
DA:638,1
DA:639,0
DA:642,1
DA:643,0
DA:651,1
DA:652,0
DA:660,1
DA:661,0
DA:668,1
DA:704,1
DA:705,0
DA:706,0
DA:707,0
DA:708,0
DA:711,0
DA:714,1
DA:715,0
DA:716,0
DA:717,0
DA:719,0
DA:722,1
DA:723,0
DA:724,0
DA:725,0
DA:726,0
DA:729,0
DA:732,1
DA:733,0
DA:734,0
DA:735,0
DA:736,0
DA:738,0
DA:741,0
DA:744,1
DA:745,0
DA:746,0
DA:747,0
DA:749,0
LF:151
LH:71
BRDA:186,0,0,1
BRDA:186,0,1,1
BRDA:266,1,0,1
BRDA:266,1,1,1
BRDA:327,2,0,0
BRDA:327,2,1,0
BRDA:331,3,0,0
BRDA:331,3,1,0
BRDA:331,4,0,0
BRDA:331,4,1,0
BRDA:342,5,0,1
BRDA:342,5,1,1
BRDA:372,6,0,0
BRDA:372,6,1,0
BRDA:372,6,2,0
BRDA:372,6,3,0
BRDA:372,6,4,0
BRDA:372,6,5,0
BRDA:372,6,6,0
BRDA:372,6,7,0
BRDA:372,6,8,0
BRDA:415,7,0,1
BRDA:415,7,1,1
BRDA:454,8,0,1
BRDA:454,8,1,1
BRDA:470,9,0,1
BRDA:470,9,1,1
BRDA:662,10,0,0
BRDA:662,10,1,0
BRDA:662,10,2,0
BRDA:662,10,3,0
BRDA:707,11,0,0
BRDA:707,11,1,0
BRDA:725,12,0,0
BRDA:725,12,1,0
BRDA:735,13,0,0
BRDA:735,13,1,0
BRF:37
BRH:12
end_of_record
TN:
SF:C:\Users\chetm\projects\layout-hooks\src\utils.ts
FN:3,clone
FN:32,lineIntersection
FN:66,lineRectIntersection
FNF:3
FNH:0
FNDA:0,clone
FNDA:0,lineIntersection
FNDA:0,lineRectIntersection
DA:1,0
DA:3,0
DA:4,0
DA:5,0
DA:8,0
DA:9,0
DA:10,0
DA:11,0
DA:12,0
DA:15,0
DA:32,0
DA:38,0
DA:39,0
DA:41,0
DA:43,0
DA:44,0
DA:45,0
DA:47,0
DA:49,0
DA:53,0
DA:66,0
DA:67,0
DA:71,0
DA:75,0
DA:79,0
DA:84,0
DA:85,0
DA:86,0
DA:87,0
DA:89,0
DA:92,0
DA:98,0
DA:99,0
DA:100,0
DA:106,0
DA:113,0
DA:119,0
DA:120,0
DA:121,0
DA:123,0
DA:130,0
DA:136,0
DA:137,0
DA:138,0
DA:140,0
DA:147,0
LF:46
LH:0
BRDA:4,0,0,0
BRDA:4,0,1,0
BRDA:8,1,0,0
BRDA:8,1,1,0
BRDA:10,2,0,0
BRDA:10,2,1,0
BRDA:12,3,0,0
BRDA:12,3,1,0
BRDA:43,4,0,0
BRDA:43,4,1,0
BRDA:47,5,0,0
BRDA:47,5,1,0
BRDA:47,6,0,0
BRDA:47,6,1,0
BRDA:47,6,2,0
BRDA:47,6,3,0
BRDA:85,7,0,0
BRDA:85,7,1,0
BRDA:86,8,0,0
BRDA:86,8,1,0
BRDA:98,9,0,0
BRDA:98,9,1,0
BRDA:99,10,0,0
BRDA:99,10,1,0
BRDA:119,11,0,0
BRDA:119,11,1,0
BRDA:120,12,0,0
BRDA:120,12,1,0
BRDA:136,13,0,0
BRDA:136,13,1,0
BRDA:137,14,0,0
BRDA:137,14,1,0
BRF:32
BRH:0
end_of_record
TN:
SF:C:\Users\chetm\projects\layout-hooks\src\components\Block.ts
FN:31,(anonymous_2)
FN:59,Block
FN:71,(anonymous_4)
FN:80,(anonymous_5)
FN:81,(anonymous_7)
FN:85,(anonymous_8)
FN:89,(anonymous_9)
FN:93,(anonymous_10)
FNF:8
FNH:7
FNDA:1,(anonymous_2)
FNDA:11,Block
FNDA:11,(anonymous_4)
FNDA:22,(anonymous_5)
FNDA:2,(anonymous_7)
FNDA:0,(anonymous_8)
FNDA:1,(anonymous_9)
FNDA:1,(anonymous_10)
DA:1,1
DA:4,1
DA:6,1
DA:9,1
DA:31,1
DA:35,1
DA:37,1
DA:39,0
DA:41,0
DA:43,0
DA:45,0
DA:47,0
DA:50,0
DA:59,1
DA:61,11
DA:66,11
DA:68,11
DA:70,11
DA:71,11
DA:73,11
DA:75,11
DA:77,11
DA:80,11
DA:81,11
DA:82,2
DA:86,0
DA:89,11
DA:90,1
DA:94,1
DA:96,11
DA:97,11
LF:31
LH:24
BRDA:36,0,0,1
BRDA:36,0,1,0
BRDA:36,0,2,0
BRDA:36,0,3,0
BRDA:36,0,4,0
BRDA:36,0,5,0
BRDA:36,0,6,0
BRDA:61,1,0,11
BRDA:61,1,1,0
BRF:9
BRH:2
end_of_record
TN:
SF:C:\Users\chetm\projects\layout-hooks\src\components\Hooks.ts
FN:29,(anonymous_0)
FN:32,(anonymous_2)
FN:36,(anonymous_3)
FN:40,(anonymous_4)
FN:44,(anonymous_5)
FN:45,(anonymous_6)
FNF:6
FNH:0
FNDA:0,(anonymous_0)
FNDA:0,(anonymous_2)
FNDA:0,(anonymous_3)
FNDA:0,(anonymous_4)
FNDA:0,(anonymous_5)
FNDA:0,(anonymous_6)
DA:29,0
DA:30,0
DA:32,0
DA:33,0
DA:36,0
DA:37,0
DA:40,0
DA:41,0
DA:44,0
DA:45,0
DA:46,0
DA:49,0
LF:12
LH:0
BRF:0
BRH:0
end_of_record
TN:
SF:C:\Users\chetm\projects\layout-hooks\src\components\Params.ts
FN:54,(anonymous_0)
FN:61,Params
FN:78,(anonymous_2)
FN:87,(anonymous_3)
FN:95,(anonymous_4)
FN:97,(anonymous_5)
FN:108,(anonymous_6)
FN:117,(anonymous_7)
FN:128,(anonymous_8)
FN:141,(anonymous_9)
FN:172,(anonymous_10)
FN:180,(anonymous_11)
FN:196,(anonymous_12)
FN:211,(anonymous_13)
FN:221,(anonymous_14)
FNF:15
FNH:0
FNDA:0,(anonymous_0)
FNDA:0,Params
FNDA:0,(anonymous_2)
FNDA:0,(anonymous_3)
FNDA:0,(anonymous_4)
FNDA:0,(anonymous_5)
FNDA:0,(anonymous_6)
FNDA:0,(anonymous_7)
FNDA:0,(anonymous_8)
FNDA:0,(anonymous_9)
FNDA:0,(anonymous_10)
FNDA:0,(anonymous_11)
FNDA:0,(anonymous_12)
FNDA:0,(anonymous_13)
FNDA:0,(anonymous_14)
DA:1,0
DA:4,0
DA:6,0
DA:54,0
DA:62,0
DA:63,0
DA:64,0
DA:65,0
DA:66,0
DA:68,0
DA:69,0
DA:78,0
DA:79,0
DA:87,0
DA:88,0
DA:95,0
DA:96,0
DA:97,0
DA:98,0
DA:101,0
DA:108,0
DA:109,0
DA:110,0
DA:111,0
DA:117,0
DA:118,0
DA:128,0
DA:129,0
DA:130,0
DA:131,0
DA:132,0
DA:135,0
DA:141,0
DA:142,0
DA:145,0
DA:146,0
DA:147,0
DA:148,0
DA:150,0
DA:151,0
DA:154,0
DA:155,0
DA:156,0
DA:157,0
DA:159,0
DA:160,0
DA:163,0
DA:172,0
DA:179,0
DA:180,0
DA:181,0
DA:188,0
DA:189,0
DA:194,0
DA:195,0
DA:196,0
DA:197,0
DA:198,0
DA:200,0
DA:205,0
DA:207,0
DA:211,0
DA:212,0
DA:216,0
DA:221,0
DA:222,0
DA:223,0
DA:224,0
DA:228,0
DA:230,0
LF:70
LH:0
BRDA:68,0,0,0
BRDA:68,0,1,0
BRDA:129,1,0,0
BRDA:129,1,1,0
BRDA:129,2,0,0
BRDA:129,2,1,0
BRDA:131,3,0,0
BRDA:131,3,1,0
BRDA:145,4,0,0
BRDA:145,4,1,0
BRDA:145,5,0,0
BRDA:145,5,1,0
BRDA:147,6,0,0
BRDA:147,6,1,0
BRDA:154,7,0,0
BRDA:154,7,1,0
BRDA:156,8,0,0
BRDA:156,8,1,0
BRDA:179,9,0,0
BRDA:179,9,1,0
BRDA:179,10,0,0
BRDA:179,10,1,0
BRDA:188,11,0,0
BRDA:188,11,1,0
BRDA:194,12,0,0
BRDA:194,12,1,0
BRDA:195,13,0,0
BRDA:195,13,1,0
BRDA:198,14,0,0
BRDA:198,14,1,0
BRDA:223,15,0,0
BRDA:223,15,1,0
BRF:32
BRH:0
end_of_record
TN:
SF:C:\Users\chetm\projects\layout-hooks\src\components\Stack.ts
FN:1,(anonymous_0)
FN:4,(anonymous_2)
FN:8,(anonymous_3)
FN:12,(anonymous_4)
FN:16,(anonymous_5)
FN:20,(anonymous_6)
FNF:6
FNH:0
FNDA:0,(anonymous_0)
FNDA:0,(anonymous_2)
FNDA:0,(anonymous_3)
FNDA:0,(anonymous_4)
FNDA:0,(anonymous_5)
FNDA:0,(anonymous_6)
DA:1,0
DA:2,0
DA:4,0
DA:5,0
DA:8,0
DA:9,0
DA:12,0
DA:13,0
DA:16,0
DA:17,0
DA:20,0
DA:21,0
DA:23,0
LF:13
LH:0
BRF:0
BRH:0
end_of_record
TN:
SF:C:\Users\chetm\projects\layout-hooks\src\components\blockUtils.ts
FN:8,connectPoint
FN:39,fromOrigin
FN:78,toOrigin
FN:94,isUnmanaged
FN:107,fromAlign
FN:118,toAlign
FN:151,convertExRect
FN:174,parseUnitValue
FN:186,toUnit
FN:258,namedUnit
FN:327,layout
FN:328,isValid
FN:483,inverseLayout
FN:488,isValid
FN:736,inverseXUnit
FN:810,inverseYUnit
FN:887,toXPixel
FN:943,toYPixel
FNF:18
FNH:5
FNDA:0,connectPoint
FNDA:0,fromOrigin
FNDA:0,toOrigin
FNDA:0,isUnmanaged
FNDA:0,fromAlign
FNDA:0,toAlign
FNDA:11,convertExRect
FNDA:0,parseUnitValue
FNDA:0,toUnit
FNDA:0,namedUnit
FNDA:11,layout
FNDA:66,isValid
FNDA:0,inverseLayout
FNDA:0,isValid
FNDA:0,inverseXUnit
FNDA:0,inverseYUnit
FNDA:18,toXPixel
FNDA:18,toYPixel
DA:2,1
DA:8,1
DA:9,0
DA:39,1
DA:40,0
DA:41,0
DA:48,0
DA:78,1
DA:79,0
DA:80,0
DA:87,0
DA:94,1
DA:95,0
DA:107,1
DA:108,0
DA:118,1
DA:119,0
DA:151,1
DA:152,11
DA:154,11
DA:155,44
DA:156,44
DA:157,44
DA:158,0
DA:159,0
DA:160,0
DA:161,0
DA:163,0
DA:166,44
DA:171,11
DA:174,1
DA:175,0
DA:176,0
DA:177,0
DA:179,0
DA:186,1
DA:187,0
DA:188,0
DA:190,0
DA:191,0
DA:193,0
DA:194,0
DA:195,0
DA:197,0
DA:198,0
DA:201,0
DA:204,0
DA:207,0
DA:208,0
DA:210,0
DA:211,0
DA:213,0
DA:217,0
DA:218,0
DA:220,0
DA:221,0
DA:223,0
DA:226,0
DA:227,0
DA:229,0
DA:230,0
DA:232,0
DA:235,0
DA:247,0
DA:251,0
DA:258,1
DA:259,0
DA:260,0
DA:263,0
DA:264,0
DA:267,0
DA:268,0
DA:271,0
DA:272,0
DA:275,0
DA:276,0
DA:279,0
DA:280,0
DA:283,0
DA:284,0
DA:287,0
DA:288,0
DA:291,0
DA:292,0
DA:295,0
DA:296,0
DA:299,0
DA:300,0
DA:303,0
DA:304,0
DA:307,0
DA:327,1
DA:329,66
DA:332,11
DA:333,11
DA:334,11
DA:335,11
DA:336,11
DA:337,11
DA:339,11
DA:352,11
DA:354,0
DA:355,0
DA:356,0
DA:366,11
DA:367,0
DA:368,0
DA:369,0
DA:374,11
DA:375,0
DA:376,0
DA:377,0
DA:382,11
DA:383,0
DA:384,0
DA:385,0
DA:386,0
DA:391,11
DA:392,0
DA:393,0
DA:394,0
DA:395,0
DA:400,11
DA:401,9
DA:402,9
DA:403,9
DA:404,9
DA:414,11
DA:415,0
DA:416,0
DA:417,0
DA:422,11
DA:423,0
DA:424,0
DA:425,0
DA:431,11
DA:432,0
DA:433,0
DA:434,0
DA:439,11
DA:440,0
DA:441,0
DA:442,0
DA:443,0
DA:448,11
DA:449,0
DA:450,0
DA:451,0
DA:452,0
DA:457,11
DA:458,9
DA:459,9
DA:460,9
DA:461,9
DA:463,11
DA:483,1
DA:489,0
DA:492,0
DA:493,0
DA:494,0
DA:495,0
DA:496,0
DA:497,0
DA:499,0
DA:508,0
DA:510,0
DA:511,0
DA:512,0
DA:513,0
DA:515,0
DA:518,0
DA:519,0
DA:529,0
DA:532,0
DA:533,0
DA:534,0
DA:535,0
DA:537,0
DA:540,0
DA:541,0
DA:548,0
DA:550,0
DA:551,0
DA:552,0
DA:553,0
DA:555,0
DA:558,0
DA:559,0
DA:566,0
DA:567,0
DA:568,0
DA:569,0
DA:570,0
DA:571,0
DA:573,0
DA:574,0
DA:575,0
DA:577,0
DA:578,0
DA:584,0
DA:585,0
DA:586,0
DA:587,0
DA:588,0
DA:589,0
DA:591,0
DA:592,0
DA:593,0
DA:595,0
DA:596,0
DA:602,0
DA:603,0
DA:604,0
DA:605,0
DA:606,0
DA:607,0
DA:609,0
DA:610,0
DA:611,0
DA:613,0
DA:614,0
DA:625,0
DA:626,0
DA:627,0
DA:628,0
DA:629,0
DA:631,0
DA:634,0
DA:637,0
DA:644,0
DA:645,0
DA:646,0
DA:647,0
DA:648,0
DA:650,0
DA:653,0
DA:654,0
DA:662,0
DA:663,0
DA:664,0
DA:665,0
DA:666,0
DA:668,0
DA:671,0
DA:672,0
DA:679,0
DA:680,0
DA:681,0
DA:682,0
DA:683,0
DA:684,0
DA:686,0
DA:687,0
DA:688,0
DA:690,0
DA:691,0
DA:697,0
DA:698,0
DA:699,0
DA:700,0
DA:701,0
DA:702,0
DA:704,0
DA:705,0
DA:706,0
DA:708,0
DA:709,0
DA:715,0
DA:716,0
DA:717,0
DA:718,0
DA:719,0
DA:720,0
DA:722,0
DA:723,0
DA:724,0
DA:726,0
DA:727,0
DA:730,0
DA:736,1
DA:742,0
DA:743,0
DA:745,0
DA:746,0
DA:748,0
DA:751,0
DA:752,0
DA:754,0
DA:757,0
DA:758,0
DA:760,0
DA:763,0
DA:764,0
DA:765,0
DA:767,0
DA:770,0
DA:771,0
DA:772,0
DA:774,0
DA:777,0
DA:778,0
DA:780,0
DA:783,0
DA:784,0
DA:786,0
DA:789,0
DA:790,0
DA:791,0
DA:793,0
DA:796,0
DA:797,0
DA:798,0
DA:800,0
DA:804,0
DA:810,1
DA:816,0
DA:817,0
DA:819,0
DA:820,0
DA:822,0
DA:825,0
DA:826,0
DA:828,0
DA:831,0
DA:832,0
DA:834,0
DA:837,0
DA:838,0
DA:839,0
DA:841,0
DA:844,0
DA:845,0
DA:846,0
DA:848,0
DA:851,0
DA:852,0
DA:854,0
DA:857,0
DA:858,0
DA:860,0
DA:863,0
DA:864,0
DA:865,0
DA:867,0
DA:870,0
DA:871,0
DA:872,0
DA:874,0
DA:878,0
DA:887,1
DA:892,18
DA:893,18
DA:900,0
DA:902,0
DA:905,0
DA:906,0
DA:909,0
DA:910,0
DA:913,0
DA:916,0
DA:919,0
DA:920,0
DA:923,0
DA:924,0
DA:927,0
DA:930,0
DA:934,0
DA:943,1
DA:948,18
DA:949,18
DA:952,0
DA:954,0
DA:957,0
DA:958,0
DA:961,0
DA:962,0
DA:965,0
DA:968,0
DA:971,0
DA:972,0
DA:975,0
DA:976,0
DA:979,0
DA:982,0
DA:986,0
LF:385
LH:57
BRDA:40,0,0,0
BRDA:40,0,1,0
BRDA:79,1,0,0
BRDA:79,1,1,0
BRDA:96,2,0,0
BRDA:96,2,1,0
BRDA:156,3,0,44
BRDA:156,3,1,0
BRDA:157,4,0,0
BRDA:157,4,1,44
BRDA:159,5,0,0
BRDA:159,5,1,0
BRDA:176,6,0,0
BRDA:176,6,1,0
BRDA:176,7,0,0
BRDA:176,7,1,0
BRDA:189,8,0,0
BRDA:189,8,1,0
BRDA:189,8,2,0
BRDA:189,8,3,0
BRDA:189,8,4,0
BRDA:189,8,5,0
BRDA:189,8,6,0
BRDA:189,8,7,0
BRDA:189,8,8,0
BRDA:189,8,9,0
BRDA:189,8,10,0
BRDA:189,8,11,0
BRDA:189,8,12,0
BRDA:189,8,13,0
BRDA:189,8,14,0
BRDA:189,8,15,0
BRDA:190,9,0,0
BRDA:190,9,1,0
BRDA:193,10,0,0
BRDA:193,10,1,0
BRDA:194,11,0,0
BRDA:194,11,1,0
BRDA:197,12,0,0
BRDA:197,12,1,0
BRDA:207,13,0,0
BRDA:207,13,1,0
BRDA:210,14,0,0
BRDA:210,14,1,0
BRDA:217,15,0,0
BRDA:217,15,1,0
BRDA:220,16,0,0
BRDA:220,16,1,0
BRDA:226,17,0,0
BRDA:226,17,1,0
BRDA:229,18,0,0
BRDA:229,18,1,0
BRDA:261,19,0,0
BRDA:261,19,1,0
BRDA:261,19,2,0
BRDA:261,19,3,0
BRDA:261,19,4,0
BRDA:261,19,5,0
BRDA:261,19,6,0
BRDA:261,19,7,0
BRDA:261,19,8,0
BRDA:261,19,9,0
BRDA:261,19,10,0
BRDA:261,19,11,0
BRDA:329,20,0,66
BRDA:329,20,1,36
BRDA:352,21,0,0
BRDA:352,21,1,11
BRDA:352,22,0,11
BRDA:352,22,1,2
BRDA:352,22,2,2
BRDA:366,23,0,0
BRDA:366,23,1,11
BRDA:366,24,0,11
BRDA:366,24,1,2
BRDA:366,24,2,2
BRDA:374,25,0,0
BRDA:374,25,1,11
BRDA:374,26,0,11
BRDA:374,26,1,2
BRDA:374,26,2,2
BRDA:382,27,0,0
BRDA:382,27,1,11
BRDA:382,28,0,11
BRDA:382,28,1,9
BRDA:382,28,2,0
BRDA:391,29,0,0
BRDA:391,29,1,11
BRDA:391,30,0,11
BRDA:391,30,1,2
BRDA:391,30,2,0
BRDA:400,31,0,9
BRDA:400,31,1,2
BRDA:400,32,0,11
BRDA:400,32,1,9
BRDA:400,32,2,9
BRDA:414,33,0,0
BRDA:414,33,1,11
BRDA:414,34,0,11
BRDA:414,34,1,2
BRDA:414,34,2,2
BRDA:422,35,0,0
BRDA:422,35,1,11
BRDA:422,36,0,11
BRDA:422,36,1,9
BRDA:422,36,2,0
BRDA:431,37,0,0
BRDA:431,37,1,11
BRDA:431,38,0,11
BRDA:431,38,1,2
BRDA:431,38,2,0
BRDA:439,39,0,0
BRDA:439,39,1,11
BRDA:439,40,0,11
BRDA:439,40,1,9
BRDA:439,40,2,0
BRDA:448,41,0,0
BRDA:448,41,1,11
BRDA:448,42,0,11
BRDA:448,42,1,2
BRDA:448,42,2,0
BRDA:457,43,0,9
BRDA:457,43,1,2
BRDA:457,44,0,11
BRDA:457,44,1,9
BRDA:457,44,2,9
BRDA:489,45,0,0
BRDA:489,45,1,0
BRDA:508,46,0,0
BRDA:508,46,1,0
BRDA:508,47,0,0
BRDA:508,47,1,0
BRDA:508,47,2,0
BRDA:511,48,0,0
BRDA:511,48,1,0
BRDA:518,49,0,0
BRDA:518,49,1,0
BRDA:529,50,0,0
BRDA:529,50,1,0
BRDA:529,51,0,0
BRDA:529,51,1,0
BRDA:529,51,2,0
BRDA:533,52,0,0
BRDA:533,52,1,0
BRDA:540,53,0,0
BRDA:540,53,1,0
BRDA:548,54,0,0
BRDA:548,54,1,0
BRDA:548,55,0,0
BRDA:548,55,1,0
BRDA:548,55,2,0
BRDA:551,56,0,0
BRDA:551,56,1,0
BRDA:558,57,0,0
BRDA:558,57,1,0
BRDA:566,58,0,0
BRDA:566,58,1,0
BRDA:566,59,0,0
BRDA:566,59,1,0
BRDA:566,59,2,0
BRDA:569,60,0,0
BRDA:569,60,1,0
BRDA:573,61,0,0
BRDA:573,61,1,0
BRDA:584,62,0,0
BRDA:584,62,1,0
BRDA:584,63,0,0
BRDA:584,63,1,0
BRDA:584,63,2,0
BRDA:587,64,0,0
BRDA:587,64,1,0
BRDA:591,65,0,0
BRDA:591,65,1,0
BRDA:602,66,0,0
BRDA:602,66,1,0
BRDA:602,67,0,0
BRDA:602,67,1,0
BRDA:602,67,2,0
BRDA:605,68,0,0
BRDA:605,68,1,0
BRDA:609,69,0,0
BRDA:609,69,1,0
BRDA:625,70,0,0
BRDA:625,70,1,0
BRDA:625,71,0,0
BRDA:625,71,1,0
BRDA:625,71,2,0
BRDA:627,72,0,0
BRDA:627,72,1,0
BRDA:634,73,0,0
BRDA:634,73,1,0
BRDA:644,74,0,0
BRDA:644,74,1,0
BRDA:644,75,0,0
BRDA:644,75,1,0
BRDA:644,75,2,0
BRDA:646,76,0,0
BRDA:646,76,1,0
BRDA:653,77,0,0
BRDA:653,77,1,0
BRDA:662,78,0,0
BRDA:662,78,1,0
BRDA:662,79,0,0
BRDA:662,79,1,0
BRDA:662,79,2,0
BRDA:664,80,0,0
BRDA:664,80,1,0
BRDA:671,81,0,0
BRDA:671,81,1,0
BRDA:679,82,0,0
BRDA:679,82,1,0
BRDA:679,83,0,0
BRDA:679,83,1,0
BRDA:679,83,2,0
BRDA:682,84,0,0
BRDA:682,84,1,0
BRDA:686,85,0,0
BRDA:686,85,1,0
BRDA:697,86,0,0
BRDA:697,86,1,0
BRDA:697,87,0,0
BRDA:697,87,1,0
BRDA:697,87,2,0
BRDA:700,88,0,0
BRDA:700,88,1,0
BRDA:704,89,0,0
BRDA:704,89,1,0
BRDA:715,90,0,0
BRDA:715,90,1,0
BRDA:715,91,0,0
BRDA:715,91,1,0
BRDA:715,91,2,0
BRDA:718,92,0,0
BRDA:718,92,1,0
BRDA:722,93,0,0
BRDA:722,93,1,0
BRDA:744,94,0,0
BRDA:744,94,1,0
BRDA:744,94,2,0
BRDA:744,94,3,0
BRDA:744,94,4,0
BRDA:744,94,5,0
BRDA:744,94,6,0
BRDA:744,94,7,0
BRDA:744,94,8,0
BRDA:745,95,0,0
BRDA:745,95,1,0
BRDA:751,96,0,0
BRDA:751,96,1,0
BRDA:757,97,0,0
BRDA:757,97,1,0
BRDA:763,98,0,0
BRDA:763,98,1,0
BRDA:763,99,0,0
BRDA:763,99,1,0
BRDA:770,100,0,0
BRDA:770,100,1,0
BRDA:770,101,0,0
BRDA:770,101,1,0
BRDA:777,102,0,0
BRDA:777,102,1,0
BRDA:783,103,0,0
BRDA:783,103,1,0
BRDA:789,104,0,0
BRDA:789,104,1,0
BRDA:789,105,0,0
BRDA:789,105,1,0
BRDA:796,106,0,0
BRDA:796,106,1,0
BRDA:796,107,0,0
BRDA:796,107,1,0
BRDA:818,108,0,0
BRDA:818,108,1,0
BRDA:818,108,2,0
BRDA:818,108,3,0
BRDA:818,108,4,0
BRDA:818,108,5,0
BRDA:818,108,6,0
BRDA:818,108,7,0
BRDA:818,108,8,0
BRDA:819,109,0,0
BRDA:819,109,1,0
BRDA:825,110,0,0
BRDA:825,110,1,0
BRDA:831,111,0,0
BRDA:831,111,1,0
BRDA:837,112,0,0
BRDA:837,112,1,0
BRDA:837,113,0,0
BRDA:837,113,1,0
BRDA:844,114,0,0
BRDA:844,114,1,0
BRDA:844,115,0,0
BRDA:844,115,1,0
BRDA:851,116,0,0
BRDA:851,116,1,0
BRDA:857,117,0,0
BRDA:857,117,1,0
BRDA:863,118,0,0
BRDA:863,118,1,0
BRDA:863,119,0,0
BRDA:863,119,1,0
BRDA:870,120,0,0
BRDA:870,120,1,0
BRDA:870,121,0,0
BRDA:870,121,1,0
BRDA:892,122,0,18
BRDA:892,122,1,0
BRDA:892,123,0,18
BRDA:892,123,1,0
BRDA:901,124,0,0
BRDA:901,124,1,0
BRDA:901,124,2,0
BRDA:901,124,3,0
BRDA:901,124,4,0
BRDA:901,124,5,0
BRDA:901,124,6,0
BRDA:901,124,7,0
BRDA:901,124,8,0
BRDA:948,125,0,18
BRDA:948,125,1,0
BRDA:953,126,0,0
BRDA:953,126,1,0
BRDA:953,126,2,0
BRDA:953,126,3,0
BRDA:953,126,4,0
BRDA:953,126,5,0
BRDA:953,126,6,0
BRDA:953,126,7,0
BRDA:953,126,8,0
BRF:330
BRH:51
end_of_record
TN:
SF:C:\Users\chetm\projects\layout-hooks\src\components\useBounds.tsx
FN:7,useWindowSize
FN:13,(anonymous_1)
FN:14,(anonymous_2)
FN:19,(anonymous_3)
FN:27,useContainerSize
FN:33,(anonymous_5)
FN:55,useBounds
FNF:7
FNH:5
FNDA:12,useWindowSize
FNDA:3,(anonymous_1)
FNDA:0,(anonymous_2)
FNDA:3,(anonymous_3)
FNDA:12,useContainerSize
FNDA:0,(anonymous_5)
FNDA:12,useBounds
DA:1,1
DA:4,1
DA:7,1
DA:8,12
DA:13,12
DA:14,3
DA:15,0
DA:18,3
DA:19,3
DA:20,3
DA:24,12
DA:27,1
DA:28,12
DA:33,12
DA:34,0
DA:37,12
DA:38,12
DA:39,12
DA:41,0
DA:51,12
DA:55,1
DA:56,12
DA:58,12
DA:60,12
DA:68,12
LF:25
LH:22
BRDA:38,0,0,12
BRDA:38,0,1,0
BRF:2
BRH:1
end_of_record
TN:
SF:C:\Users\chetm\projects\layout-hooks\src\generators\utils.ts
FN:8,loadFromLocalStorage
FN:22,saveToLocalStorage
FNF:2
FNH:0
FNDA:0,loadFromLocalStorage
FNDA:0,saveToLocalStorage
DA:8,0
DA:9,0
DA:10,0
DA:11,0
DA:13,0
DA:22,0
DA:27,0
LF:7
LH:0
BRDA:10,0,0,0
BRDA:10,0,1,0
BRF:2
BRH:0
end_of_record
TN:
SF:C:\Users\chetm\projects\layout-hooks\src\geometry\line.ts
FN:14,createExLine
FN:22,(anonymous_1)
FN:26,ExLine
FN:31,(anonymous_3)
FN:35,(anonymous_4)
FN:42,(anonymous_5)
FN:55,(anonymous_6)
FN:73,(anonymous_7)
FN:111,(anonymous_8)
FNF:9
FNH:0
FNDA:0,createExLine
FNDA:0,(anonymous_1)
FNDA:0,ExLine
FNDA:0,(anonymous_3)
FNDA:0,(anonymous_4)
FNDA:0,(anonymous_5)
FNDA:0,(anonymous_6)
FNDA:0,(anonymous_7)
FNDA:0,(anonymous_8)
DA:2,0
DA:14,0
DA:15,0
DA:22,0
DA:27,0
DA:28,0
DA:31,0
DA:32,0
DA:35,0
DA:36,0
DA:42,0
DA:43,0
DA:44,0
DA:45,0
DA:55,0
DA:56,0
DA:57,0
DA:58,0
DA:59,0
DA:73,0
DA:74,0
DA:75,0
DA:78,0
DA:79,0
DA:84,0
DA:85,0
DA:87,0
DA:89,0
DA:90,0
DA:92,0
DA:94,0
DA:97,0
DA:98,0
DA:100,0
DA:101,0
DA:103,0
DA:111,0
DA:112,0
DA:114,0
LF:39
LH:0
BRDA:85,0,0,0
BRDA:85,0,1,0
BRDA:85,1,0,0
BRDA:85,1,1,0
BRDA:87,2,0,0
BRDA:87,2,1,0
BRDA:90,3,0,0
BRDA:90,3,1,0
BRDA:94,4,0,0
BRDA:94,4,1,0
BRDA:97,5,0,0
BRDA:97,5,1,0
BRDA:100,6,0,0
BRDA:100,6,1,0
BRDA:100,7,0,0
BRDA:100,7,1,0
BRF:16
BRH:0
end_of_record
TN:
SF:C:\Users\chetm\projects\layout-hooks\src\geometry\piecewise.ts
FN:14,createPiecewise
FN:18,(anonymous_1)
FN:24,Piecewise
FN:32,(anonymous_3)
FN:35,(anonymous_4)
FN:51,(anonymous_5)
FN:73,(anonymous_6)
FN:93,(anonymous_7)
FNF:8
FNH:0
FNDA:0,createPiecewise
FNDA:0,(anonymous_1)
FNDA:0,Piecewise
FNDA:0,(anonymous_3)
FNDA:0,(anonymous_4)
FNDA:0,(anonymous_5)
FNDA:0,(anonymous_6)
FNDA:0,(anonymous_7)
DA:2,0
DA:14,0
DA:15,0
DA:18,0
DA:25,0
DA:26,0
DA:32,0
DA:33,0
DA:34,0
DA:35,0
DA:36,0
DA:38,0
DA:41,0
DA:51,0
DA:52,0
DA:53,0
DA:54,0
DA:55,0
DA:56,0
DA:57,0
DA:59,0
DA:62,0
DA:73,0
DA:74,0
DA:75,0
DA:76,0
DA:77,0
DA:78,0
DA:79,0
DA:81,0
DA:84,0
DA:93,0
DA:96,0
DA:98,0
LF:34
LH:0
BRDA:33,0,0,0
BRDA:33,0,1,0
BRDA:52,1,0,0
BRDA:52,1,1,0
BRDA:56,2,0,0
BRDA:56,2,1,0
BRDA:78,3,0,0
BRDA:78,3,1,0
BRF:8
BRH:0
end_of_record
